<?xml version="1.0" encoding="UTF-8"?>
<!-- Generated by org.testng.reporters.JUnitReportReporter -->
<testsuite hostname="Michael-ПК" name="com.epam.lab.hw2.GmailTest" tests="1" failures="0" timestamp="20 Sep 2018 12:24:46 GMT" time="44.504" errors="0">
  <testcase name="testSendLetter" time="44.504" classname="com.epam.lab.hw2.GmailTest"/>
</testsuite> <!-- com.epam.lab.hw2.GmailTest -->
